# JRE version: OpenJDK Runtime Environment (21.0.8) (build 21.0.8+-14018985-b1038.68)
# Java VM: OpenJDK 64-Bit Server VM (21.0.8+-14018985-b1038.68, mixed mode, tiered, compressed oops, compressed class ptrs, g1 gc, windows-amd64)
GC Precious Log:
 CardTable entry size: 512
 Card Set container configuration: InlinePtr #cards 5 size 8 Array Of Cards #cards 12 size 40 Howl #buckets 4 coarsen threshold 1843 Howl Bitmap #cards 512 size 80 coarsen threshold 460 Card regions per heap region 1 cards per card region 2048
 CPUs: 4 total, 4 available
 Memory: 4008M
 Large Page Support: Disabled
 NUMA Support: Disabled
 Compressed Oops: Enabled (32-bit)
 Heap Region Size: 1M
 Heap Min Capacity: 8M
 Heap Initial Capacity: 64M
 Heap Max Capacity: 1004M
 Pre-touch: Disabled
 Parallel Workers: 4
 Concurrent Workers: 1
 Concurrent Refinement Workers: 4
 Periodic GC: Disabled
Heap:
 garbage-first heap   total 97280K, used 66250K [0x00000000c1400000, 0x0000000100000000)
  region size 1024K, 6 young (6144K), 4 survivors (4096K)
 Metaspace       used 89168K, committed 89536K, reserved 1179648K
  class space    used 9597K, committed 9792K, reserved 1048576K
GC Heap History (20 events):
Event: 10.578 GC heap before
{Heap before GC invocations=23 (full 0):
 garbage-first heap   total 78848K, used 56662K [0x00000000c1400000, 0x0000000100000000)
  region size 1024K, 12 young (12288K), 2 survivors (2048K)
 Metaspace       used 56262K, committed 56512K, reserved 1114112K
  class space    used 6547K, committed 6656K, reserved 1048576K
}
Event: 10.587 GC heap after
{Heap after GC invocations=24 (full 0):
 garbage-first heap   total 78848K, used 48945K [0x00000000c1400000, 0x0000000100000000)
  region size 1024K, 2 young (2048K), 2 survivors (2048K)
 Metaspace       used 56262K, committed 56512K, reserved 1114112K
  class space    used 6547K, committed 6656K, reserved 1048576K
}
Event: 11.787 GC heap before
{Heap before GC invocations=24 (full 0):
 garbage-first heap   total 78848K, used 65329K [0x00000000c1400000, 0x0000000100000000)
  region size 1024K, 19 young (19456K), 2 survivors (2048K)
 Metaspace       used 60309K, committed 60544K, reserved 1114112K
  class space    used 7054K, committed 7168K, reserved 1048576K
}
Event: 11.799 GC heap after
{Heap after GC invocations=25 (full 0):
 garbage-first heap   total 78848K, used 50685K [0x00000000c1400000, 0x0000000100000000)
  region size 1024K, 2 young (2048K), 2 survivors (2048K)
 Metaspace       used 60309K, committed 60544K, reserved 1114112K
  class space    used 7054K, committed 7168K, reserved 1048576K
}
Event: 12.626 GC heap before
{Heap before GC invocations=25 (full 0):
 garbage-first heap   total 78848K, used 68093K [0x00000000c1400000, 0x0000000100000000)
  region size 1024K, 19 young (19456K), 2 survivors (2048K)
 Metaspace       used 61049K, committed 61312K, reserved 1114112K
  class space    used 7081K, committed 7168K, reserved 1048576K
}
Event: 12.637 GC heap after
{Heap after GC invocations=26 (full 0):
 garbage-first heap   total 78848K, used 53651K [0x00000000c1400000, 0x0000000100000000)
  region size 1024K, 3 young (3072K), 3 survivors (3072K)
 Metaspace       used 61049K, committed 61312K, reserved 1114112K
  class space    used 7081K, committed 7168K, reserved 1048576K
}
Event: 13.459 GC heap before
{Heap before GC invocations=27 (full 0):
 garbage-first heap   total 91136K, used 69011K [0x00000000c1400000, 0x0000000100000000)
  region size 1024K, 18 young (18432K), 3 survivors (3072K)
 Metaspace       used 61554K, committed 61888K, reserved 1114112K
  class space    used 7102K, committed 7232K, reserved 1048576K
}
Event: 13.467 GC heap after
{Heap after GC invocations=28 (full 0):
 garbage-first heap   total 91136K, used 54705K [0x00000000c1400000, 0x0000000100000000)
  region size 1024K, 1 young (1024K), 1 survivors (1024K)
 Metaspace       used 61554K, committed 61888K, reserved 1114112K
  class space    used 7102K, committed 7232K, reserved 1048576K
}
Event: 14.871 GC heap before
{Heap before GC invocations=28 (full 0):
 garbage-first heap   total 91136K, used 79281K [0x00000000c1400000, 0x0000000100000000)
  region size 1024K, 25 young (25600K), 1 survivors (1024K)
 Metaspace       used 64379K, committed 64640K, reserved 1114112K
  class space    used 7388K, committed 7488K, reserved 1048576K
}
Event: 14.883 GC heap after
{Heap after GC invocations=29 (full 0):
 garbage-first heap   total 91136K, used 56546K [0x00000000c1400000, 0x0000000100000000)
  region size 1024K, 4 young (4096K), 4 survivors (4096K)
 Metaspace       used 64379K, committed 64640K, reserved 1114112K
  class space    used 7388K, committed 7488K, reserved 1048576K
}
Event: 17.236 GC heap before
{Heap before GC invocations=29 (full 0):
 garbage-first heap   total 91136K, used 79074K [0x00000000c1400000, 0x0000000100000000)
  region size 1024K, 27 young (27648K), 4 survivors (4096K)
 Metaspace       used 67462K, committed 67776K, reserved 1114112K
  class space    used 7625K, committed 7808K, reserved 1048576K
}
Event: 17.247 GC heap after
{Heap after GC invocations=30 (full 0):
 garbage-first heap   total 91136K, used 57906K [0x00000000c1400000, 0x0000000100000000)
  region size 1024K, 2 young (2048K), 2 survivors (2048K)
 Metaspace       used 67462K, committed 67776K, reserved 1114112K
  class space    used 7625K, committed 7808K, reserved 1048576K
}
Event: 18.098 GC heap before
{Heap before GC invocations=31 (full 0):
 garbage-first heap   total 97280K, used 81458K [0x00000000c1400000, 0x0000000100000000)
  region size 1024K, 26 young (26624K), 2 survivors (2048K)
 Metaspace       used 72902K, committed 73216K, reserved 1179648K
  class space    used 8124K, committed 8256K, reserved 1048576K
}
Event: 18.106 GC heap after
{Heap after GC invocations=32 (full 0):
 garbage-first heap   total 97280K, used 60394K [0x00000000c1400000, 0x0000000100000000)
  region size 1024K, 4 young (4096K), 4 survivors (4096K)
 Metaspace       used 72902K, committed 73216K, reserved 1179648K
  class space    used 8124K, committed 8256K, reserved 1048576K
}
Event: 19.174 GC heap before
{Heap before GC invocations=32 (full 0):
 garbage-first heap   total 97280K, used 87018K [0x00000000c1400000, 0x0000000100000000)
  region size 1024K, 30 young (30720K), 4 survivors (4096K)
 Metaspace       used 78375K, committed 78720K, reserved 1179648K
  class space    used 8638K, committed 8832K, reserved 1048576K
}
Event: 19.188 GC heap after
{Heap after GC invocations=33 (full 0):
 garbage-first heap   total 97280K, used 61950K [0x00000000c1400000, 0x0000000100000000)
  region size 1024K, 2 young (2048K), 2 survivors (2048K)
 Metaspace       used 78375K, committed 78720K, reserved 1179648K
  class space    used 8638K, committed 8832K, reserved 1048576K
}
Event: 20.321 GC heap before
{Heap before GC invocations=33 (full 0):
 garbage-first heap   total 97280K, used 87550K [0x00000000c1400000, 0x0000000100000000)
  region size 1024K, 27 young (27648K), 2 survivors (2048K)
 Metaspace       used 83597K, committed 83968K, reserved 1179648K
  class space    used 9075K, committed 9216K, reserved 1048576K
}
Event: 20.331 GC heap after
{Heap after GC invocations=34 (full 0):
 garbage-first heap   total 97280K, used 63753K [0x00000000c1400000, 0x0000000100000000)
  region size 1024K, 4 young (4096K), 4 survivors (4096K)
 Metaspace       used 83597K, committed 83968K, reserved 1179648K
  class space    used 9075K, committed 9216K, reserved 1048576K
}
Event: 21.438 GC heap before
{Heap before GC invocations=34 (full 0):
 garbage-first heap   total 97280K, used 85257K [0x00000000c1400000, 0x0000000100000000)
  region size 1024K, 26 young (26624K), 4 survivors (4096K)
 Metaspace       used 89047K, committed 89408K, reserved 1179648K
  class space    used 9593K, committed 9792K, reserved 1048576K
}
Event: 21.449 GC heap after
{Heap after GC invocations=35 (full 0):
 garbage-first heap   total 97280K, used 65226K [0x00000000c1400000, 0x0000000100000000)
  region size 1024K, 4 young (4096K), 4 survivors (4096K)
 Metaspace       used 89047K, committed 89408K, reserved 1179648K
  class space    used 9593K, committed 9792K, reserved 1048576K
}

