# JRE version: OpenJDK Runtime Environment (21.0.8) (build 21.0.8+-14018985-b1038.68)
# Java VM: OpenJDK 64-Bit Server VM (21.0.8+-14018985-b1038.68, mixed mode, tiered, compressed oops, compressed class ptrs, g1 gc, windows-amd64)
GC Precious Log:
 CardTable entry size: 512
 Card Set container configuration: InlinePtr #cards 5 size 8 Array Of Cards #cards 12 size 40 Howl #buckets 4 coarsen threshold 1843 Howl Bitmap #cards 512 size 80 coarsen threshold 460 Card regions per heap region 1 cards per card region 2048
 CPUs: 4 total, 4 available
 Memory: 4008M
 Large Page Support: Disabled
 NUMA Support: Disabled
 Compressed Oops: Enabled (32-bit)
 Heap Region Size: 1M
 Heap Min Capacity: 8M
 Heap Initial Capacity: 64M
 Heap Max Capacity: 1004M
 Pre-touch: Disabled
 Parallel Workers: 4
 Concurrent Workers: 1
 Concurrent Refinement Workers: 4
 Periodic GC: Disabled
Heap:
 garbage-first heap   total 38912K, used 26761K [0x00000000c1400000, 0x0000000100000000)
  region size 1024K, 14 young (14336K), 2 survivors (2048K)
 Metaspace       used 32624K, committed 32832K, reserved 1114112K
  class space    used 4056K, committed 4160K, reserved 1048576K
GC Heap History (10 events):
Event: 2.063 GC heap before
{Heap before GC invocations=0 (full 0):
 garbage-first heap   total 65536K, used 17408K [0x00000000c1400000, 0x0000000100000000)
  region size 1024K, 13 young (13312K), 0 survivors (0K)
 Metaspace       used 11311K, committed 11520K, reserved 1114112K
  class space    used 969K, committed 1088K, reserved 1048576K
}
Event: 2.087 GC heap after
{Heap after GC invocations=1 (full 0):
 garbage-first heap   total 65536K, used 6340K [0x00000000c1400000, 0x0000000100000000)
  region size 1024K, 2 young (2048K), 2 survivors (2048K)
 Metaspace       used 11311K, committed 11520K, reserved 1114112K
  class space    used 969K, committed 1088K, reserved 1048576K
}
Event: 2.887 GC heap before
{Heap before GC invocations=1 (full 0):
 garbage-first heap   total 65536K, used 26820K [0x00000000c1400000, 0x0000000100000000)
  region size 1024K, 22 young (22528K), 2 survivors (2048K)
 Metaspace       used 17084K, committed 17216K, reserved 1114112K
  class space    used 1718K, committed 1792K, reserved 1048576K
}
Event: 2.892 GC heap after
{Heap after GC invocations=2 (full 0):
 garbage-first heap   total 65536K, used 8034K [0x00000000c1400000, 0x0000000100000000)
  region size 1024K, 2 young (2048K), 2 survivors (2048K)
 Metaspace       used 17084K, committed 17216K, reserved 1114112K
  class space    used 1718K, committed 1792K, reserved 1048576K
}
Event: 3.272 GC heap before
{Heap before GC invocations=2 (full 0):
 garbage-first heap   total 65536K, used 19298K [0x00000000c1400000, 0x0000000100000000)
  region size 1024K, 14 young (14336K), 2 survivors (2048K)
 Metaspace       used 21376K, committed 21504K, reserved 1114112K
  class space    used 2245K, committed 2304K, reserved 1048576K
}
Event: 3.276 GC heap after
{Heap after GC invocations=3 (full 0):
 garbage-first heap   total 65536K, used 8430K [0x00000000c1400000, 0x0000000100000000)
  region size 1024K, 2 young (2048K), 2 survivors (2048K)
 Metaspace       used 21376K, committed 21504K, reserved 1114112K
  class space    used 2245K, committed 2304K, reserved 1048576K
}
Event: 3.946 GC heap before
{Heap before GC invocations=4 (full 0):
 garbage-first heap   total 30720K, used 29934K [0x00000000c1400000, 0x0000000100000000)
  region size 1024K, 23 young (23552K), 2 survivors (2048K)
 Metaspace       used 24696K, committed 24896K, reserved 1114112K
  class space    used 2674K, committed 2752K, reserved 1048576K
}
Event: 3.959 GC heap after
{Heap after GC invocations=5 (full 0):
 garbage-first heap   total 38912K, used 14034K [0x00000000c1400000, 0x0000000100000000)
  region size 1024K, 5 young (5120K), 5 survivors (5120K)
 Metaspace       used 24696K, committed 24896K, reserved 1114112K
  class space    used 2674K, committed 2752K, reserved 1048576K
}
Event: 4.573 GC heap before
{Heap before GC invocations=5 (full 0):
 garbage-first heap   total 38912K, used 28370K [0x00000000c1400000, 0x0000000100000000)
  region size 1024K, 19 young (19456K), 5 survivors (5120K)
 Metaspace       used 28546K, committed 28736K, reserved 1114112K
  class space    used 3103K, committed 3200K, reserved 1048576K
}
Event: 4.584 GC heap after
{Heap after GC invocations=6 (full 0):
 garbage-first heap   total 38912K, used 15497K [0x00000000c1400000, 0x0000000100000000)
  region size 1024K, 2 young (2048K), 2 survivors (2048K)
 Metaspace       used 28546K, committed 28736K, reserved 1114112K
  class space    used 3103K, committed 3200K, reserved 1048576K
}

