# JRE version: OpenJDK Runtime Environment (21.0.8) (build 21.0.8+-14018985-b1038.68)
# Java VM: OpenJDK 64-Bit Server VM (21.0.8+-14018985-b1038.68, mixed mode, tiered, compressed oops, compressed class ptrs, g1 gc, windows-amd64)
GC Precious Log:
 CardTable entry size: 512
 Card Set container configuration: InlinePtr #cards 4 size 8 Array Of Cards #cards 32 size 80 Howl #buckets 8 coarsen threshold 7372 Howl Bitmap #cards 1024 size 144 coarsen threshold 921 Card regions per heap region 1 cards per card region 8192
 CPUs: 4 total, 4 available
 Memory: 4008M
 Large Page Support: Disabled
 NUMA Support: Disabled
 Compressed Oops: Enabled (Zero based)
 Heap Region Size: 4M
 Heap Min Capacity: 8M
 Heap Initial Capacity: 64M
 Heap Max Capacity: 8G
 Pre-touch: Disabled
 Parallel Workers: 4
 Concurrent Workers: 1
 Concurrent Refinement Workers: 4
 Periodic GC: Disabled
Heap:
 garbage-first heap   total 626688K, used 371817K [0x0000000600000000, 0x0000000800000000)
  region size 4096K, 7 young (28672K), 3 survivors (12288K)
 Metaspace       used 171244K, committed 174016K, reserved 1245184K
  class space    used 22884K, committed 24192K, reserved 1048576K
GC Heap History (20 events):
Event: 106.285 GC heap before
{Heap before GC invocations=77 (full 0):
 garbage-first heap   total 471040K, used 430080K [0x0000000600000000, 0x0000000800000000)
  region size 4096K, 34 young (139264K), 5 survivors (20480K)
 Metaspace       used 149177K, committed 151808K, reserved 1179648K
  class space    used 20490K, committed 21696K, reserved 1048576K
}
Event: 106.328 GC heap after
{Heap after GC invocations=78 (full 0):
 garbage-first heap   total 483328K, used 314671K [0x0000000600000000, 0x0000000800000000)
  region size 4096K, 4 young (16384K), 4 survivors (16384K)
 Metaspace       used 149177K, committed 151808K, reserved 1179648K
  class space    used 20490K, committed 21696K, reserved 1048576K
}
Event: 108.159 GC heap before
{Heap before GC invocations=78 (full 0):
 garbage-first heap   total 483328K, used 429359K [0x0000000600000000, 0x0000000800000000)
  region size 4096K, 33 young (135168K), 4 survivors (16384K)
 Metaspace       used 151895K, committed 154496K, reserved 1245184K
  class space    used 20783K, committed 22016K, reserved 1048576K
}
Event: 108.169 GC heap after
{Heap after GC invocations=79 (full 0):
 garbage-first heap   total 483328K, used 308249K [0x0000000600000000, 0x0000000800000000)
  region size 4096K, 1 young (4096K), 1 survivors (4096K)
 Metaspace       used 151895K, committed 154496K, reserved 1245184K
  class space    used 20783K, committed 22016K, reserved 1048576K
}
Event: 110.781 GC heap before
{Heap before GC invocations=80 (full 0):
 garbage-first heap   total 520192K, used 439321K [0x0000000600000000, 0x0000000800000000)
  region size 4096K, 33 young (135168K), 1 survivors (4096K)
 Metaspace       used 153157K, committed 155776K, reserved 1245184K
  class space    used 20898K, committed 22144K, reserved 1048576K
}
Event: 110.797 GC heap after
{Heap after GC invocations=81 (full 0):
 garbage-first heap   total 520192K, used 316999K [0x0000000600000000, 0x0000000800000000)
  region size 4096K, 4 young (16384K), 4 survivors (16384K)
 Metaspace       used 153157K, committed 155776K, reserved 1245184K
  class space    used 20898K, committed 22144K, reserved 1048576K
}
Event: 112.377 GC heap before
{Heap before GC invocations=81 (full 0):
 garbage-first heap   total 520192K, used 464455K [0x0000000600000000, 0x0000000800000000)
  region size 4096K, 41 young (167936K), 4 survivors (16384K)
 Metaspace       used 158727K, committed 161344K, reserved 1245184K
  class space    used 21667K, committed 22912K, reserved 1048576K
}
Event: 112.409 GC heap after
{Heap after GC invocations=82 (full 0):
 garbage-first heap   total 520192K, used 317204K [0x0000000600000000, 0x0000000800000000)
  region size 4096K, 5 young (20480K), 5 survivors (20480K)
 Metaspace       used 158727K, committed 161344K, reserved 1245184K
  class space    used 21667K, committed 22912K, reserved 1048576K
}
Event: 115.364 GC heap before
{Heap before GC invocations=82 (full 0):
 garbage-first heap   total 520192K, used 464660K [0x0000000600000000, 0x0000000800000000)
  region size 4096K, 42 young (172032K), 5 survivors (20480K)
 Metaspace       used 165390K, committed 168128K, reserved 1245184K
  class space    used 22390K, committed 23680K, reserved 1048576K
}
Event: 115.430 GC heap after
{Heap after GC invocations=83 (full 0):
 garbage-first heap   total 626688K, used 337796K [0x0000000600000000, 0x0000000800000000)
  region size 4096K, 6 young (24576K), 6 survivors (24576K)
 Metaspace       used 165390K, committed 168128K, reserved 1245184K
  class space    used 22390K, committed 23680K, reserved 1048576K
}
Event: 119.950 GC heap before
{Heap before GC invocations=84 (full 0):
 garbage-first heap   total 626688K, used 558980K [0x0000000600000000, 0x0000000800000000)
  region size 4096K, 60 young (245760K), 6 survivors (24576K)
 Metaspace       used 167151K, committed 169856K, reserved 1245184K
  class space    used 22466K, committed 23744K, reserved 1048576K
}
Event: 119.990 GC heap after
{Heap after GC invocations=85 (full 0):
 garbage-first heap   total 626688K, used 347789K [0x0000000600000000, 0x0000000800000000)
  region size 4096K, 4 young (16384K), 4 survivors (16384K)
 Metaspace       used 167151K, committed 169856K, reserved 1245184K
  class space    used 22466K, committed 23744K, reserved 1048576K
}
Event: 122.136 GC heap before
{Heap before GC invocations=85 (full 0):
 garbage-first heap   total 626688K, used 552589K [0x0000000600000000, 0x0000000800000000)
  region size 4096K, 55 young (225280K), 4 survivors (16384K)
 Metaspace       used 168040K, committed 170752K, reserved 1245184K
  class space    used 22528K, committed 23808K, reserved 1048576K
}
Event: 122.164 GC heap after
{Heap after GC invocations=86 (full 0):
 garbage-first heap   total 626688K, used 354478K [0x0000000600000000, 0x0000000800000000)
  region size 4096K, 6 young (24576K), 6 survivors (24576K)
 Metaspace       used 168040K, committed 170752K, reserved 1245184K
  class space    used 22528K, committed 23808K, reserved 1048576K
}
Event: 125.310 GC heap before
{Heap before GC invocations=86 (full 0):
 garbage-first heap   total 626688K, used 559278K [0x0000000600000000, 0x0000000800000000)
  region size 4096K, 56 young (229376K), 6 survivors (24576K)
 Metaspace       used 170943K, committed 173760K, reserved 1245184K
  class space    used 22869K, committed 24192K, reserved 1048576K
}
Event: 125.361 GC heap after
{Heap after GC invocations=87 (full 0):
 garbage-first heap   total 626688K, used 367275K [0x0000000600000000, 0x0000000800000000)
  region size 4096K, 7 young (28672K), 7 survivors (28672K)
 Metaspace       used 170943K, committed 173760K, reserved 1245184K
  class space    used 22869K, committed 24192K, reserved 1048576K
}
Event: 140.902 GC heap before
{Heap before GC invocations=88 (full 0):
 garbage-first heap   total 626688K, used 555691K [0x0000000600000000, 0x0000000800000000)
  region size 4096K, 54 young (221184K), 7 survivors (28672K)
 Metaspace       used 170739K, committed 173568K, reserved 1245184K
  class space    used 22851K, committed 24192K, reserved 1048576K
}
Event: 140.997 GC heap after
{Heap after GC invocations=89 (full 0):
 garbage-first heap   total 626688K, used 380058K [0x0000000600000000, 0x0000000800000000)
  region size 4096K, 6 young (24576K), 6 survivors (24576K)
 Metaspace       used 170739K, committed 173568K, reserved 1245184K
  class space    used 22851K, committed 24192K, reserved 1048576K
}
Event: 150.619 GC heap before
{Heap before GC invocations=89 (full 0):
 garbage-first heap   total 626688K, used 552090K [0x0000000600000000, 0x0000000800000000)
  region size 4096K, 49 young (200704K), 6 survivors (24576K)
 Metaspace       used 171177K, committed 173952K, reserved 1245184K
  class space    used 22875K, committed 24192K, reserved 1048576K
}
Event: 150.890 GC heap after
{Heap after GC invocations=90 (full 0):
 garbage-first heap   total 626688K, used 363625K [0x0000000600000000, 0x0000000800000000)
  region size 4096K, 3 young (12288K), 3 survivors (12288K)
 Metaspace       used 171177K, committed 173952K, reserved 1245184K
  class space    used 22875K, committed 24192K, reserved 1048576K
}

